{"/Users/abhishek/Dev/Akansha/Development/Backend/learning-auth/src/utility/test_file.ts": {"path":"/Users/abhishek/Dev/Akansha/Development/Backend/learning-auth/src/utility/test_file.ts","statementMap":{"0":{"start":{"line":1,"column":0},"end":{"line":1,"column":16}},"1":{"start":{"line":2,"column":4},"end":{"line":2,"column":30}},"2":{"start":{"line":2,"column":17},"end":{"line":2,"column":30}},"3":{"start":{"line":4,"column":4},"end":{"line":6,"column":5}},"4":{"start":{"line":4,"column":14},"end":{"line":4,"column":15}},"5":{"start":{"line":5,"column":8},"end":{"line":5,"column":38}},"6":{"start":{"line":5,"column":25},"end":{"line":5,"column":38}},"7":{"start":{"line":8,"column":4},"end":{"line":8,"column":16}}},"fnMap":{"0":{"name":"isPrime","decl":{"start":{"line":1,"column":16},"end":{"line":1,"column":23}},"loc":{"start":{"line":1,"column":35},"end":{"line":9,"column":1}}}},"branchMap":{"0":{"loc":{"start":{"line":2,"column":4},"end":{"line":2,"column":30}},"type":"if","locations":[{"start":{"line":2,"column":4},"end":{"line":2,"column":30}}]},"1":{"loc":{"start":{"line":5,"column":8},"end":{"line":5,"column":38}},"type":"if","locations":[{"start":{"line":5,"column":8},"end":{"line":5,"column":38}}]}},"s":{"0":1,"1":7,"2":5,"3":2,"4":2,"5":1,"6":1,"7":1},"f":{"0":7},"b":{"0":[5],"1":[1]}}
}
